<?xml version="1.0" encoding="UTF-8"?>
<testsuite xmlns:xsi="http://www.w3.org/2001/XMLSchema-instance" xsi:noNamespaceSchemaLocation="https://maven.apache.org/surefire/maven-surefire-plugin/xsd/surefire-test-report-3.0.xsd" version="3.0" name="com.example.gerenteapp.LangileaKudeatzaileaTest" time="0.795" tests="4" errors="0" skipped="0" failures="0">
  <properties>
[...]
</properties>
  <testcase name="insertLangilea" classname="com.example.gerenteapp.LangileaKudeatzaileaTest" time="0.49">
    <system-out><![CDATA[Konexioa zuzen egin da.
Konexioa zuzen egin da.
]]></system-out>
  </testcase>
  <testcase name="testBerreskuratuLangileaPorId" classname="com.example.gerenteapp.LangileaKudeatzaileaTest" time="0.111">
    <system-out><![CDATA[Konexioa zuzen egin da.
Konexioa zuzen egin da.
Konexioa zuzen egin da.
Konexioa zuzen egin da.
Konexioa zuzen egin da.
Konexioa zuzen egin da.
]]></system-out>
  </testcase>
  <testcase name="deleteLangilea" classname="com.example.gerenteapp.LangileaKudeatzaileaTest" time="0.109">
    <system-out><![CDATA[Konexioa zuzen egin da.
Konexioa zuzen egin da.
Konexioa zuzen egin da.
Konexioa zuzen egin da.
Konexioa zuzen egin da.
Konexioa zuzen egin da.
]]></system-out>
  </testcase>
  <testcase name="editLangilea" classname="com.example.gerenteapp.LangileaKudeatzaileaTest" time="0.064">
    <system-out><![CDATA[Konexioa zuzen egin da.
Konexioa zuzen egin da.
Konexioa zuzen egin da.
Konexioa zuzen egin da.
Konexioa zuzen egin da.
]]></system-out>
  </testcase>
</testsuite>