<?xml version="1.0" encoding="UTF-8"?>
<testsuite xmlns:xsi="http://www.w3.org/2001/XMLSchema-instance" xsi:noNamespaceSchemaLocation="https://maven.apache.org/surefire/maven-surefire-plugin/xsd/surefire-test-report-3.0.xsd" version="3.0" name="com.example.gerenteapp.EguraldiaControllerTest" time="85.753" tests="6" errors="3" skipped="0" failures="1">
  <properties>
[...]
</properties>
  <testcase name="testArtxiboaIgoFtp_conexioGabe" classname="com.example.gerenteapp.EguraldiaControllerTest" time="21.294">
    <failure message="Unexpected exception thrown: java.lang.ExceptionInInitializerError" type="org.opentest4j.AssertionFailedError"><![CDATA[org.opentest4j.AssertionFailedError: Unexpected exception thrown: java.lang.ExceptionInInitializerError
	at org.junit.jupiter.api.AssertionFailureBuilder.build(AssertionFailureBuilder.java:152)
	at org.junit.jupiter.api.AssertDoesNotThrow.createAssertionFailedError(AssertDoesNotThrow.java:84)
	at org.junit.jupiter.api.AssertDoesNotThrow.assertDoesNotThrow(AssertDoesNotThrow.java:53)
	at org.junit.jupiter.api.AssertDoesNotThrow.assertDoesNotThrow(AssertDoesNotThrow.java:36)
	at org.junit.jupiter.api.Assertions.assertDoesNotThrow(Assertions.java:3168)
	at com.example.gerenteapp@1.0-SNAPSHOT/com.example.gerenteapp.EguraldiaControllerTest.testArtxiboaIgoFtp_conexioGabe(EguraldiaControllerTest.java:156)
	at java.base/java.lang.reflect.Method.invoke(Method.java:580)
	at java.base/java.util.ArrayList.forEach(ArrayList.java:1597)
	at java.base/java.util.ArrayList.forEach(ArrayList.java:1597)
Caused by: java.lang.ExceptionInInitializerError
	at javafx.graphics@22.0.1/javafx.stage.Window.<init>(Window.java:1457)
	at javafx.graphics@22.0.1/javafx.stage.Stage.<init>(Stage.java:256)
	at javafx.graphics@22.0.1/javafx.stage.Stage.<init>(Stage.java:244)
	at javafx.controls@22.0.1/javafx.scene.control.HeavyweightDialog$1.<init>(HeavyweightDialog.java:52)
	at javafx.controls@22.0.1/javafx.scene.control.HeavyweightDialog.<init>(HeavyweightDialog.java:52)
	at javafx.controls@22.0.1/javafx.scene.control.Dialog.<init>(Dialog.java:253)
	at javafx.controls@22.0.1/javafx.scene.control.Alert.<init>(Alert.java:247)
	at javafx.controls@22.0.1/javafx.scene.control.Alert.<init>(Alert.java:222)
	at com.example.gerenteapp@1.0-SNAPSHOT/com.example.gerenteapp.Alertak.mostrarMensajeAlerta(Alertak.java:9)
	at com.example.gerenteapp@1.0-SNAPSHOT/com.example.gerenteapp.EguraldiaController.artxiboaIgoFtp(EguraldiaController.java:359)
	at com.example.gerenteapp@1.0-SNAPSHOT/com.example.gerenteapp.EguraldiaControllerTest.lambda$testArtxiboaIgoFtp_conexioGabe$1(EguraldiaControllerTest.java:156)
	at org.junit.jupiter.api.AssertDoesNotThrow.assertDoesNotThrow(AssertDoesNotThrow.java:49)
	... 6 more
Caused by: java.lang.IllegalStateException: This operation is permitted on the event thread only; currentThread = main
	at javafx.graphics@22.0.1/com.sun.glass.ui.Application.checkEventThread(Application.java:445)
	at javafx.graphics@22.0.1/com.sun.glass.ui.Screen.setEventHandler(Screen.java:367)
	at javafx.graphics@22.0.1/com.sun.javafx.tk.quantum.QuantumToolkit.setScreenConfigurationListener(QuantumToolkit.java:749)
	at javafx.graphics@22.0.1/javafx.stage.Screen.<clinit>(Screen.java:74)
	... 18 more
]]></failure>
    <system-out><![CDATA[Conectando al servidor FTP: 192.168.115.188
]]></system-out>
  </testcase>
  <testcase name="testGetFilesFromUrl" classname="com.example.gerenteapp.EguraldiaControllerTest" time="0.282"/>
  <testcase name="testXmlPush_egiaztatuIrteerakoEdukia" classname="com.example.gerenteapp.EguraldiaControllerTest" time="0.792">
    <system-out><![CDATA[XML fitxategia eta XPath arazorik gabe kargatu dira.
Filtratutako XML fitxategia hona gorde da: C:\Users\Urko\Desktop\2.Erronka\GERENTE\2Erronka_1Taldea_GERENTE\javafx\.\eguraldia.xml
XML generado:
<?xml version="1.0" encoding="UTF-8" standalone="no"?>
<prediccion>
    <eguraldia data="2025-04-10">
        <tenperatura_gorakoa>20</tenperatura_gorakoa>
        <tenperatura_behekoa>10</tenperatura_behekoa>
        <euri>
            <euri_batezbestekoa>0</euri_batezbestekoa>
        </euri>
        <zeru_egoera>
            <balio_batezbestekoa>15</balio_batezbestekoa>
            <deskribapena>Argi</deskribapena>
        </zeru_egoera>
        <haize_azterketa>Haize batezbesteko abiadura: 10 km/h eta Oeste norabaitik datorrena</haize_azterketa>
    </eguraldia>
</prediccion>

]]></system-out>
    <system-err><![CDATA[WARNING: A Java agent has been loaded dynamically (C:\Users\Urko\.m2\repository\net\bytebuddy\byte-buddy-agent\1.14.12\byte-buddy-agent-1.14.12.jar)
WARNING: If a serviceability tool is in use, please run with -XX:+EnableDynamicAgentLoading to hide this warning
WARNING: If a serviceability tool is not in use, please run with -Djdk.instrument.traceUsage for more information
WARNING: Dynamic loading of agents will be disallowed by default in a future release
]]></system-err>
  </testcase>
  <testcase name="testXmlPush_zenbaitEgun" classname="com.example.gerenteapp.EguraldiaControllerTest" time="21.131">
    <error message="Could not initialize class javafx.stage.Screen" type="java.lang.NoClassDefFoundError"><![CDATA[java.lang.NoClassDefFoundError: Could not initialize class javafx.stage.Screen
	at javafx.graphics@22.0.1/javafx.stage.Window.<init>(Window.java:1457)
	at javafx.graphics@22.0.1/javafx.stage.Stage.<init>(Stage.java:256)
	at javafx.graphics@22.0.1/javafx.stage.Stage.<init>(Stage.java:244)
	at javafx.controls@22.0.1/javafx.scene.control.HeavyweightDialog$1.<init>(HeavyweightDialog.java:52)
	at javafx.controls@22.0.1/javafx.scene.control.HeavyweightDialog.<init>(HeavyweightDialog.java:52)
	at javafx.controls@22.0.1/javafx.scene.control.Dialog.<init>(Dialog.java:253)
	at javafx.controls@22.0.1/javafx.scene.control.Alert.<init>(Alert.java:247)
	at javafx.controls@22.0.1/javafx.scene.control.Alert.<init>(Alert.java:222)
	at com.example.gerenteapp@1.0-SNAPSHOT/com.example.gerenteapp.Alertak.mostrarMensajeAlerta(Alertak.java:9)
	at com.example.gerenteapp@1.0-SNAPSHOT/com.example.gerenteapp.EguraldiaController.artxiboaIgoFtp(EguraldiaController.java:359)
	at com.example.gerenteapp@1.0-SNAPSHOT/com.example.gerenteapp.EguraldiaController.xmlPush(EguraldiaController.java:275)
	at com.example.gerenteapp@1.0-SNAPSHOT/com.example.gerenteapp.EguraldiaControllerTest.testXmlPush_zenbaitEgun(EguraldiaControllerTest.java:97)
	at java.base/java.lang.reflect.Method.invoke(Method.java:580)
	at java.base/java.util.ArrayList.forEach(ArrayList.java:1597)
	at java.base/java.util.ArrayList.forEach(ArrayList.java:1597)
Caused by: java.lang.ExceptionInInitializerError: Exception java.lang.IllegalStateException: This operation is permitted on the event thread only; currentThread = main [in thread "main"]
	at javafx.graphics@22.0.1/com.sun.glass.ui.Application.checkEventThread(Application.java:445)
	at javafx.graphics@22.0.1/com.sun.glass.ui.Screen.setEventHandler(Screen.java:367)
	at javafx.graphics@22.0.1/com.sun.javafx.tk.quantum.QuantumToolkit.setScreenConfigurationListener(QuantumToolkit.java:749)
	at javafx.graphics@22.0.1/javafx.stage.Screen.<clinit>(Screen.java:74)
	at javafx.graphics@22.0.1/javafx.stage.Window.<init>(Window.java:1457)
	at javafx.graphics@22.0.1/javafx.stage.Stage.<init>(Stage.java:256)
	at javafx.graphics@22.0.1/javafx.stage.Stage.<init>(Stage.java:244)
	at javafx.controls@22.0.1/javafx.scene.control.HeavyweightDialog$1.<init>(HeavyweightDialog.java:52)
	at javafx.controls@22.0.1/javafx.scene.control.HeavyweightDialog.<init>(HeavyweightDialog.java:52)
	at javafx.controls@22.0.1/javafx.scene.control.Dialog.<init>(Dialog.java:253)
	at javafx.controls@22.0.1/javafx.scene.control.Alert.<init>(Alert.java:247)
	at javafx.controls@22.0.1/javafx.scene.control.Alert.<init>(Alert.java:222)
	at com.example.gerenteapp@1.0-SNAPSHOT/com.example.gerenteapp.Alertak.mostrarMensajeAlerta(Alertak.java:9)
	at com.example.gerenteapp@1.0-SNAPSHOT/com.example.gerenteapp.EguraldiaController.artxiboaIgoFtp(EguraldiaController.java:359)
	at com.example.gerenteapp@1.0-SNAPSHOT/com.example.gerenteapp.EguraldiaControllerTest.lambda$testArtxiboaIgoFtp_conexioGabe$1(EguraldiaControllerTest.java:156)
	at org.junit.jupiter.api.AssertDoesNotThrow.assertDoesNotThrow(AssertDoesNotThrow.java:49)
	at org.junit.jupiter.api.AssertDoesNotThrow.assertDoesNotThrow(AssertDoesNotThrow.java:36)
	at org.junit.jupiter.api.Assertions.assertDoesNotThrow(Assertions.java:3168)
	at com.example.gerenteapp@1.0-SNAPSHOT/com.example.gerenteapp.EguraldiaControllerTest.testArtxiboaIgoFtp_conexioGabe(EguraldiaControllerTest.java:156)
	... 3 more
]]></error>
    <system-out><![CDATA[XML fitxategia eta XPath arazorik gabe kargatu dira.
Filtratutako XML fitxategia hona gorde da: C:\Users\Urko\Desktop\2.Erronka\GERENTE\2Erronka_1Taldea_GERENTE\javafx\.\eguraldia.xml
Conectando al servidor FTP: 192.168.115.188
]]></system-out>
  </testcase>
  <testcase name="testArtxiboaIgoFtp" classname="com.example.gerenteapp.EguraldiaControllerTest" time="21.049">
    <error message="Could not initialize class javafx.stage.Screen" type="java.lang.NoClassDefFoundError"><![CDATA[java.lang.NoClassDefFoundError: Could not initialize class javafx.stage.Screen
	at javafx.graphics@22.0.1/javafx.stage.Window.<init>(Window.java:1457)
	at javafx.graphics@22.0.1/javafx.stage.Stage.<init>(Stage.java:256)
	at javafx.graphics@22.0.1/javafx.stage.Stage.<init>(Stage.java:244)
	at javafx.controls@22.0.1/javafx.scene.control.HeavyweightDialog$1.<init>(HeavyweightDialog.java:52)
	at javafx.controls@22.0.1/javafx.scene.control.HeavyweightDialog.<init>(HeavyweightDialog.java:52)
	at javafx.controls@22.0.1/javafx.scene.control.Dialog.<init>(Dialog.java:253)
	at javafx.controls@22.0.1/javafx.scene.control.Alert.<init>(Alert.java:247)
	at javafx.controls@22.0.1/javafx.scene.control.Alert.<init>(Alert.java:222)
	at com.example.gerenteapp@1.0-SNAPSHOT/com.example.gerenteapp.Alertak.mostrarMensajeAlerta(Alertak.java:9)
	at com.example.gerenteapp@1.0-SNAPSHOT/com.example.gerenteapp.EguraldiaController.artxiboaIgoFtp(EguraldiaController.java:359)
	at com.example.gerenteapp@1.0-SNAPSHOT/com.example.gerenteapp.EguraldiaControllerTest.testArtxiboaIgoFtp(EguraldiaControllerTest.java:72)
	at java.base/java.lang.reflect.Method.invoke(Method.java:580)
	at java.base/java.util.ArrayList.forEach(ArrayList.java:1597)
	at java.base/java.util.ArrayList.forEach(ArrayList.java:1597)
Caused by: java.lang.ExceptionInInitializerError: Exception java.lang.IllegalStateException: This operation is permitted on the event thread only; currentThread = main [in thread "main"]
	at javafx.graphics@22.0.1/com.sun.glass.ui.Application.checkEventThread(Application.java:445)
	at javafx.graphics@22.0.1/com.sun.glass.ui.Screen.setEventHandler(Screen.java:367)
	at javafx.graphics@22.0.1/com.sun.javafx.tk.quantum.QuantumToolkit.setScreenConfigurationListener(QuantumToolkit.java:749)
	at javafx.graphics@22.0.1/javafx.stage.Screen.<clinit>(Screen.java:74)
	at javafx.graphics@22.0.1/javafx.stage.Window.<init>(Window.java:1457)
	at javafx.graphics@22.0.1/javafx.stage.Stage.<init>(Stage.java:256)
	at javafx.graphics@22.0.1/javafx.stage.Stage.<init>(Stage.java:244)
	at javafx.controls@22.0.1/javafx.scene.control.HeavyweightDialog$1.<init>(HeavyweightDialog.java:52)
	at javafx.controls@22.0.1/javafx.scene.control.HeavyweightDialog.<init>(HeavyweightDialog.java:52)
	at javafx.controls@22.0.1/javafx.scene.control.Dialog.<init>(Dialog.java:253)
	at javafx.controls@22.0.1/javafx.scene.control.Alert.<init>(Alert.java:247)
	at javafx.controls@22.0.1/javafx.scene.control.Alert.<init>(Alert.java:222)
	at com.example.gerenteapp@1.0-SNAPSHOT/com.example.gerenteapp.Alertak.mostrarMensajeAlerta(Alertak.java:9)
	at com.example.gerenteapp@1.0-SNAPSHOT/com.example.gerenteapp.EguraldiaController.artxiboaIgoFtp(EguraldiaController.java:359)
	at com.example.gerenteapp@1.0-SNAPSHOT/com.example.gerenteapp.EguraldiaControllerTest.lambda$testArtxiboaIgoFtp_conexioGabe$1(EguraldiaControllerTest.java:156)
	at org.junit.jupiter.api.AssertDoesNotThrow.assertDoesNotThrow(AssertDoesNotThrow.java:49)
	at org.junit.jupiter.api.AssertDoesNotThrow.assertDoesNotThrow(AssertDoesNotThrow.java:36)
	at org.junit.jupiter.api.Assertions.assertDoesNotThrow(Assertions.java:3168)
	at com.example.gerenteapp@1.0-SNAPSHOT/com.example.gerenteapp.EguraldiaControllerTest.testArtxiboaIgoFtp_conexioGabe(EguraldiaControllerTest.java:156)
	... 3 more
]]></error>
    <system-out><![CDATA[Conectando al servidor FTP: 192.168.115.188
]]></system-out>
  </testcase>
  <testcase name="testXmlPush" classname="com.example.gerenteapp.EguraldiaControllerTest" time="21.178">
    <error message="Could not initialize class javafx.stage.Screen" type="java.lang.NoClassDefFoundError"><![CDATA[java.lang.NoClassDefFoundError: Could not initialize class javafx.stage.Screen
	at javafx.graphics@22.0.1/javafx.stage.Window.<init>(Window.java:1457)
	at javafx.graphics@22.0.1/javafx.stage.Stage.<init>(Stage.java:256)
	at javafx.graphics@22.0.1/javafx.stage.Stage.<init>(Stage.java:244)
	at javafx.controls@22.0.1/javafx.scene.control.HeavyweightDialog$1.<init>(HeavyweightDialog.java:52)
	at javafx.controls@22.0.1/javafx.scene.control.HeavyweightDialog.<init>(HeavyweightDialog.java:52)
	at javafx.controls@22.0.1/javafx.scene.control.Dialog.<init>(Dialog.java:253)
	at javafx.controls@22.0.1/javafx.scene.control.Alert.<init>(Alert.java:247)
	at javafx.controls@22.0.1/javafx.scene.control.Alert.<init>(Alert.java:222)
	at com.example.gerenteapp@1.0-SNAPSHOT/com.example.gerenteapp.Alertak.mostrarMensajeAlerta(Alertak.java:9)
	at com.example.gerenteapp@1.0-SNAPSHOT/com.example.gerenteapp.EguraldiaController.artxiboaIgoFtp(EguraldiaController.java:359)
	at com.example.gerenteapp@1.0-SNAPSHOT/com.example.gerenteapp.EguraldiaController.xmlPush(EguraldiaController.java:275)
	at com.example.gerenteapp@1.0-SNAPSHOT/com.example.gerenteapp.EguraldiaControllerTest.testXmlPush(EguraldiaControllerTest.java:40)
	at java.base/java.lang.reflect.Method.invoke(Method.java:580)
	at java.base/java.util.ArrayList.forEach(ArrayList.java:1597)
	at java.base/java.util.ArrayList.forEach(ArrayList.java:1597)
Caused by: java.lang.ExceptionInInitializerError: Exception java.lang.IllegalStateException: This operation is permitted on the event thread only; currentThread = main [in thread "main"]
	at javafx.graphics@22.0.1/com.sun.glass.ui.Application.checkEventThread(Application.java:445)
	at javafx.graphics@22.0.1/com.sun.glass.ui.Screen.setEventHandler(Screen.java:367)
	at javafx.graphics@22.0.1/com.sun.javafx.tk.quantum.QuantumToolkit.setScreenConfigurationListener(QuantumToolkit.java:749)
	at javafx.graphics@22.0.1/javafx.stage.Screen.<clinit>(Screen.java:74)
	at javafx.graphics@22.0.1/javafx.stage.Window.<init>(Window.java:1457)
	at javafx.graphics@22.0.1/javafx.stage.Stage.<init>(Stage.java:256)
	at javafx.graphics@22.0.1/javafx.stage.Stage.<init>(Stage.java:244)
	at javafx.controls@22.0.1/javafx.scene.control.HeavyweightDialog$1.<init>(HeavyweightDialog.java:52)
	at javafx.controls@22.0.1/javafx.scene.control.HeavyweightDialog.<init>(HeavyweightDialog.java:52)
	at javafx.controls@22.0.1/javafx.scene.control.Dialog.<init>(Dialog.java:253)
	at javafx.controls@22.0.1/javafx.scene.control.Alert.<init>(Alert.java:247)
	at javafx.controls@22.0.1/javafx.scene.control.Alert.<init>(Alert.java:222)
	at com.example.gerenteapp@1.0-SNAPSHOT/com.example.gerenteapp.Alertak.mostrarMensajeAlerta(Alertak.java:9)
	at com.example.gerenteapp@1.0-SNAPSHOT/com.example.gerenteapp.EguraldiaController.artxiboaIgoFtp(EguraldiaController.java:359)
	at com.example.gerenteapp@1.0-SNAPSHOT/com.example.gerenteapp.EguraldiaControllerTest.lambda$testArtxiboaIgoFtp_conexioGabe$1(EguraldiaControllerTest.java:156)
	at org.junit.jupiter.api.AssertDoesNotThrow.assertDoesNotThrow(AssertDoesNotThrow.java:49)
	at org.junit.jupiter.api.AssertDoesNotThrow.assertDoesNotThrow(AssertDoesNotThrow.java:36)
	at org.junit.jupiter.api.Assertions.assertDoesNotThrow(Assertions.java:3168)
	at com.example.gerenteapp@1.0-SNAPSHOT/com.example.gerenteapp.EguraldiaControllerTest.testArtxiboaIgoFtp_conexioGabe(EguraldiaControllerTest.java:156)
	... 3 more
]]></error>
    <system-out><![CDATA[XML fitxategia eta XPath arazorik gabe kargatu dira.
Filtratutako XML fitxategia hona gorde da: C:\Users\Urko\Desktop\2.Erronka\GERENTE\2Erronka_1Taldea_GERENTE\javafx\.\eguraldia.xml
Conectando al servidor FTP: 192.168.115.188
]]></system-out>
  </testcase>
</testsuite>